{
  "RSpec": {
    "coverage": {
      "/Users/waqasikram/Projects/week-2/oyster-card/spec/oyster_card_spec.rb": {
        "lines": [
          1,
          null,
          1,
          11,
          1,
          6,
          5,
          null,
          null,
          null,
          null,
          null,
          null,
          null,
          null,
          1,
          1,
          null,
          null,
          null,
          null,
          null,
          null,
          null,
          1,
          1,
          1,
          null,
          null,
          null,
          null,
          null,
          null,
          null,
          null,
          null,
          1,
          2,
          null,
          null,
          1,
          1,
          1,
          1,
          null,
          null,
          1,
          1,
          null,
          null,
          1,
          1,
          1,
          1,
          null,
          null,
          1,
          1,
          1,
          1,
          1,
          null,
          1,
          2,
          null,
          null,
          1,
          1,
          4,
          null,
          null,
          1,
          1,
          1,
          1,
          null,
          null,
          null,
          null,
          null,
          null,
          null,
          null,
          1,
          1,
          1,
          1,
          1,
          null,
          null,
          null,
          null
        ]
      },
      "/Users/waqasikram/Projects/week-2/oyster-card/lib/oyster_card.rb": {
        "lines": [
          1,
          1,
          1,
          null,
          1,
          null,
          1,
          11,
          11,
          null,
          11,
          null,
          null,
          null,
          1,
          8,
          8,
          1,
          null,
          null,
          null,
          1,
          5,
          5,
          1,
          null,
          null,
          4,
          null,
          null,
          1,
          4,
          4,
          4,
          4,
          null,
          null,
          1,
          2,
          null,
          null,
          1,
          null,
          1,
          4,
          null,
          null
        ]
      }
    },
    "timestamp": 1637764692
  }
}
